app/build/intermediates/manifest_merge_blame_file/debug/manifest-merger-blame-debug-report.txt
1<?xml version="1.0" encoding="utf-8"?>
2<manifest xmlns:android="http://schemas.android.com/apk/res/android"
3    package="com.example.famchat"
4    android:versionCode="1"
5    android:versionName="1.0" >
6
7    <uses-sdk
8        android:minSdkVersion="24"
9        android:targetSdkVersion="34" />
10
11    <uses-permission android:name="android.permission.INTERNET" />
11-->src/main/AndroidManifest.xml:4:5-67
11-->src/main/AndroidManifest.xml:4:22-64
12    <uses-permission android:name="android.permission.ACCESS_NETWORK_STATE" />
12-->[com.google.firebase:firebase-auth:22.3.1] AndroidManifest.xml:26:5-79
12-->[com.google.firebase:firebase-auth:22.3.1] AndroidManifest.xml:26:22-76
13    <uses-permission android:name="com.google.android.providers.gsf.permission.READ_GSERVICES" />
13-->[com.google.android.recaptcha:recaptcha:18.4.0] AndroidManifest.xml:9:5-98
13-->[com.google.android.recaptcha:recaptcha:18.4.0] AndroidManifest.xml:9:22-95
14
15    <permission
15-->[androidx.core:core:1.12.0] AndroidManifest.xml:22:5-24:47
16        android:name="com.example.famchat.DYNAMIC_RECEIVER_NOT_EXPORTED_PERMISSION"
16-->[androidx.core:core:1.12.0] AndroidManifest.xml:23:9-81
17        android:protectionLevel="signature" />
17-->[androidx.core:core:1.12.0] AndroidManifest.xml:24:9-44
18
19    <uses-permission android:name="com.example.famchat.DYNAMIC_RECEIVER_NOT_EXPORTED_PERMISSION" />
19-->[androidx.core:core:1.12.0] AndroidManifest.xml:26:5-97
19-->[androidx.core:core:1.12.0] AndroidManifest.xml:26:22-94
20
21    <application
21-->src/main/AndroidManifest.xml:6:5-23:19
22        android:name="com.example.famchat.FamChatApp"
22-->src/main/AndroidManifest.xml:7:9-35
23        android:allowBackup="true"
23-->src/main/AndroidManifest.xml:8:9-35
24        android:appComponentFactory="androidx.core.app.CoreComponentFactory"
24-->[androidx.core:core:1.12.0] AndroidManifest.xml:28:18-86
25        android:debuggable="true"
26        android:extractNativeLibs="false"
27        android:icon="@mipmap/ic_launcher"
27-->src/main/AndroidManifest.xml:9:9-43
28        android:label="@string/app_name"
28-->src/main/AndroidManifest.xml:10:9-41
29        android:roundIcon="@mipmap/ic_launcher_round"
29-->src/main/AndroidManifest.xml:11:9-54
30        android:supportsRtl="true"
30-->src/main/AndroidManifest.xml:12:9-35
31        android:theme="@style/Theme.FamChat" >
31-->src/main/AndroidManifest.xml:13:9-45
32        <activity
32-->src/main/AndroidManifest.xml:14:9-22:20
33            android:name="com.example.famchat.MainActivity"
33-->src/main/AndroidManifest.xml:15:13-41
34            android:exported="true"
34-->src/main/AndroidManifest.xml:16:13-36
35            android:theme="@style/Theme.FamChat" >
35-->src/main/AndroidManifest.xml:17:13-49
36            <intent-filter>
36-->src/main/AndroidManifest.xml:18:13-21:29
37                <action android:name="android.intent.action.MAIN" />
37-->src/main/AndroidManifest.xml:19:17-69
37-->src/main/AndroidManifest.xml:19:25-66
38
39                <category android:name="android.intent.category.LAUNCHER" />
39-->src/main/AndroidManifest.xml:20:17-77
39-->src/main/AndroidManifest.xml:20:27-74
40            </intent-filter>
41        </activity>
42        <activity
42-->[androidx.compose.ui:ui-tooling-android:1.6.1] AndroidManifest.xml:23:9-25:39
43            android:name="androidx.compose.ui.tooling.PreviewActivity"
43-->[androidx.compose.ui:ui-tooling-android:1.6.1] AndroidManifest.xml:24:13-71
44            android:exported="true" />
44-->[androidx.compose.ui:ui-tooling-android:1.6.1] AndroidManifest.xml:25:13-36
45
46        <service
46-->[com.google.firebase:firebase-auth-ktx:22.3.1] AndroidManifest.xml:8:9-14:19
47            android:name="com.google.firebase.components.ComponentDiscoveryService"
47-->[com.google.firebase:firebase-auth-ktx:22.3.1] AndroidManifest.xml:9:13-84
48            android:directBootAware="true"
48-->[com.google.firebase:firebase-common:20.4.2] AndroidManifest.xml:32:13-43
49            android:exported="false" >
49-->[com.google.firebase:firebase-auth-ktx:22.3.1] AndroidManifest.xml:10:13-37
50            <meta-data
50-->[com.google.firebase:firebase-auth-ktx:22.3.1] AndroidManifest.xml:11:13-13:85
51                android:name="com.google.firebase.components:com.google.firebase.auth.ktx.FirebaseAuthLegacyRegistrar"
51-->[com.google.firebase:firebase-auth-ktx:22.3.1] AndroidManifest.xml:12:17-119
52                android:value="com.google.firebase.components.ComponentRegistrar" />
52-->[com.google.firebase:firebase-auth-ktx:22.3.1] AndroidManifest.xml:13:17-82
53            <meta-data
53-->[com.google.firebase:firebase-auth:22.3.1] AndroidManifest.xml:69:13-71:85
54                android:name="com.google.firebase.components:com.google.firebase.auth.FirebaseAuthRegistrar"
54-->[com.google.firebase:firebase-auth:22.3.1] AndroidManifest.xml:70:17-109
55                android:value="com.google.firebase.components.ComponentRegistrar" />
55-->[com.google.firebase:firebase-auth:22.3.1] AndroidManifest.xml:71:17-82
56            <meta-data
56-->[com.google.firebase:firebase-firestore-ktx:24.10.1] AndroidManifest.xml:12:13-14:85
57                android:name="com.google.firebase.components:com.google.firebase.firestore.ktx.FirebaseFirestoreLegacyRegistrar"
57-->[com.google.firebase:firebase-firestore-ktx:24.10.1] AndroidManifest.xml:13:17-129
58                android:value="com.google.firebase.components.ComponentRegistrar" />
58-->[com.google.firebase:firebase-firestore-ktx:24.10.1] AndroidManifest.xml:14:17-82
59            <meta-data
59-->[com.google.firebase:firebase-firestore:24.10.1] AndroidManifest.xml:17:13-19:85
60                android:name="com.google.firebase.components:com.google.firebase.firestore.FirebaseFirestoreKtxRegistrar"
60-->[com.google.firebase:firebase-firestore:24.10.1] AndroidManifest.xml:18:17-122
61                android:value="com.google.firebase.components.ComponentRegistrar" />
61-->[com.google.firebase:firebase-firestore:24.10.1] AndroidManifest.xml:19:17-82
62            <meta-data
62-->[com.google.firebase:firebase-firestore:24.10.1] AndroidManifest.xml:20:13-22:85
63                android:name="com.google.firebase.components:com.google.firebase.firestore.FirestoreRegistrar"
63-->[com.google.firebase:firebase-firestore:24.10.1] AndroidManifest.xml:21:17-111
64                android:value="com.google.firebase.components.ComponentRegistrar" />
64-->[com.google.firebase:firebase-firestore:24.10.1] AndroidManifest.xml:22:17-82
65            <meta-data
65-->[com.google.firebase:firebase-common-ktx:20.4.2] AndroidManifest.xml:12:13-14:85
66                android:name="com.google.firebase.components:com.google.firebase.ktx.FirebaseCommonLegacyRegistrar"
66-->[com.google.firebase:firebase-common-ktx:20.4.2] AndroidManifest.xml:13:17-116
67                android:value="com.google.firebase.components.ComponentRegistrar" />
67-->[com.google.firebase:firebase-common-ktx:20.4.2] AndroidManifest.xml:14:17-82
68            <meta-data
68-->[com.google.firebase:firebase-common:20.4.2] AndroidManifest.xml:35:13-37:85
69                android:name="com.google.firebase.components:com.google.firebase.FirebaseCommonKtxRegistrar"
69-->[com.google.firebase:firebase-common:20.4.2] AndroidManifest.xml:36:17-109
70                android:value="com.google.firebase.components.ComponentRegistrar" />
70-->[com.google.firebase:firebase-common:20.4.2] AndroidManifest.xml:37:17-82
71        </service>
72
73        <activity
73-->[com.google.firebase:firebase-auth:22.3.1] AndroidManifest.xml:29:9-46:20
74            android:name="com.google.firebase.auth.internal.GenericIdpActivity"
74-->[com.google.firebase:firebase-auth:22.3.1] AndroidManifest.xml:30:13-80
75            android:excludeFromRecents="true"
75-->[com.google.firebase:firebase-auth:22.3.1] AndroidManifest.xml:31:13-46
76            android:exported="true"
76-->[com.google.firebase:firebase-auth:22.3.1] AndroidManifest.xml:32:13-36
77            android:launchMode="singleTask"
77-->[com.google.firebase:firebase-auth:22.3.1] AndroidManifest.xml:33:13-44
78            android:theme="@android:style/Theme.Translucent.NoTitleBar" >
78-->[com.google.firebase:firebase-auth:22.3.1] AndroidManifest.xml:34:13-72
79            <intent-filter>
79-->[com.google.firebase:firebase-auth:22.3.1] AndroidManifest.xml:35:13-45:29
80                <action android:name="android.intent.action.VIEW" />
80-->[com.google.firebase:firebase-auth:22.3.1] AndroidManifest.xml:36:17-69
80-->[com.google.firebase:firebase-auth:22.3.1] AndroidManifest.xml:36:25-66
81
82                <category android:name="android.intent.category.DEFAULT" />
82-->[com.google.firebase:firebase-auth:22.3.1] AndroidManifest.xml:38:17-76
82-->[com.google.firebase:firebase-auth:22.3.1] AndroidManifest.xml:38:27-73
83                <category android:name="android.intent.category.BROWSABLE" />
83-->[com.google.firebase:firebase-auth:22.3.1] AndroidManifest.xml:39:17-78
83-->[com.google.firebase:firebase-auth:22.3.1] AndroidManifest.xml:39:27-75
84
85                <data
85-->[com.google.firebase:firebase-auth:22.3.1] AndroidManifest.xml:41:17-44:51
86                    android:host="firebase.auth"
86-->[com.google.firebase:firebase-auth:22.3.1] AndroidManifest.xml:42:21-49
87                    android:path="/"
87-->[com.google.firebase:firebase-auth:22.3.1] AndroidManifest.xml:43:21-37
88                    android:scheme="genericidp" />
88-->[com.google.firebase:firebase-auth:22.3.1] AndroidManifest.xml:44:21-48
89            </intent-filter>
90        </activity>
91        <activity
91-->[com.google.firebase:firebase-auth:22.3.1] AndroidManifest.xml:47:9-64:20
92            android:name="com.google.firebase.auth.internal.RecaptchaActivity"
92-->[com.google.firebase:firebase-auth:22.3.1] AndroidManifest.xml:48:13-79
93            android:excludeFromRecents="true"
93-->[com.google.firebase:firebase-auth:22.3.1] AndroidManifest.xml:49:13-46
94            android:exported="true"
94-->[com.google.firebase:firebase-auth:22.3.1] AndroidManifest.xml:50:13-36
95            android:launchMode="singleTask"
95-->[com.google.firebase:firebase-auth:22.3.1] AndroidManifest.xml:51:13-44
96            android:theme="@android:style/Theme.Translucent.NoTitleBar" >
96-->[com.google.firebase:firebase-auth:22.3.1] AndroidManifest.xml:52:13-72
97            <intent-filter>
97-->[com.google.firebase:firebase-auth:22.3.1] AndroidManifest.xml:53:13-63:29
98                <action android:name="android.intent.action.VIEW" />
98-->[com.google.firebase:firebase-auth:22.3.1] AndroidManifest.xml:36:17-69
98-->[com.google.firebase:firebase-auth:22.3.1] AndroidManifest.xml:36:25-66
99
100                <category android:name="android.intent.category.DEFAULT" />
100-->[com.google.firebase:firebase-auth:22.3.1] AndroidManifest.xml:38:17-76
100-->[com.google.firebase:firebase-auth:22.3.1] AndroidManifest.xml:38:27-73
101                <category android:name="android.intent.category.BROWSABLE" />
101-->[com.google.firebase:firebase-auth:22.3.1] AndroidManifest.xml:39:17-78
101-->[com.google.firebase:firebase-auth:22.3.1] AndroidManifest.xml:39:27-75
102
103                <data
103-->[com.google.firebase:firebase-auth:22.3.1] AndroidManifest.xml:41:17-44:51
104                    android:host="firebase.auth"
104-->[com.google.firebase:firebase-auth:22.3.1] AndroidManifest.xml:42:21-49
105                    android:path="/"
105-->[com.google.firebase:firebase-auth:22.3.1] AndroidManifest.xml:43:21-37
106                    android:scheme="recaptcha" />
106-->[com.google.firebase:firebase-auth:22.3.1] AndroidManifest.xml:44:21-48
107            </intent-filter>
108        </activity>
109
110        <provider
110-->[com.google.firebase:firebase-common:20.4.2] AndroidManifest.xml:23:9-28:39
111            android:name="com.google.firebase.provider.FirebaseInitProvider"
111-->[com.google.firebase:firebase-common:20.4.2] AndroidManifest.xml:24:13-77
112            android:authorities="com.example.famchat.firebaseinitprovider"
112-->[com.google.firebase:firebase-common:20.4.2] AndroidManifest.xml:25:13-72
113            android:directBootAware="true"
113-->[com.google.firebase:firebase-common:20.4.2] AndroidManifest.xml:26:13-43
114            android:exported="false"
114-->[com.google.firebase:firebase-common:20.4.2] AndroidManifest.xml:27:13-37
115            android:initOrder="100" />
115-->[com.google.firebase:firebase-common:20.4.2] AndroidManifest.xml:28:13-36
116
117        <activity
117-->[com.google.android.gms:play-services-base:18.0.1] AndroidManifest.xml:20:9-22:45
118            android:name="com.google.android.gms.common.api.GoogleApiActivity"
118-->[com.google.android.gms:play-services-base:18.0.1] AndroidManifest.xml:20:19-85
119            android:exported="false"
119-->[com.google.android.gms:play-services-base:18.0.1] AndroidManifest.xml:22:19-43
120            android:theme="@android:style/Theme.Translucent.NoTitleBar" />
120-->[com.google.android.gms:play-services-base:18.0.1] AndroidManifest.xml:21:19-78
121
122        <meta-data
122-->[com.google.android.gms:play-services-basement:18.1.0] AndroidManifest.xml:21:9-23:69
123            android:name="com.google.android.gms.version"
123-->[com.google.android.gms:play-services-basement:18.1.0] AndroidManifest.xml:22:13-58
124            android:value="@integer/google_play_services_version" />
124-->[com.google.android.gms:play-services-basement:18.1.0] AndroidManifest.xml:23:13-66
125
126        <provider
126-->[androidx.emoji2:emoji2:1.3.0] AndroidManifest.xml:24:9-32:20
127            android:name="androidx.startup.InitializationProvider"
127-->[androidx.emoji2:emoji2:1.3.0] AndroidManifest.xml:25:13-67
128            android:authorities="com.example.famchat.androidx-startup"
128-->[androidx.emoji2:emoji2:1.3.0] AndroidManifest.xml:26:13-68
129            android:exported="false" >
129-->[androidx.emoji2:emoji2:1.3.0] AndroidManifest.xml:27:13-37
130            <meta-data
130-->[androidx.emoji2:emoji2:1.3.0] AndroidManifest.xml:29:13-31:52
131                android:name="androidx.emoji2.text.EmojiCompatInitializer"
131-->[androidx.emoji2:emoji2:1.3.0] AndroidManifest.xml:30:17-75
132                android:value="androidx.startup" />
132-->[androidx.emoji2:emoji2:1.3.0] AndroidManifest.xml:31:17-49
133            <meta-data
133-->[androidx.lifecycle:lifecycle-process:2.7.0] AndroidManifest.xml:29:13-31:52
134                android:name="androidx.lifecycle.ProcessLifecycleInitializer"
134-->[androidx.lifecycle:lifecycle-process:2.7.0] AndroidManifest.xml:30:17-78
135                android:value="androidx.startup" />
135-->[androidx.lifecycle:lifecycle-process:2.7.0] AndroidManifest.xml:31:17-49
136            <meta-data
136-->[androidx.profileinstaller:profileinstaller:1.3.0] AndroidManifest.xml:29:13-31:52
137                android:name="androidx.profileinstaller.ProfileInstallerInitializer"
137-->[androidx.profileinstaller:profileinstaller:1.3.0] AndroidManifest.xml:30:17-85
138                android:value="androidx.startup" />
138-->[androidx.profileinstaller:profileinstaller:1.3.0] AndroidManifest.xml:31:17-49
139        </provider>
140
141        <receiver
141-->[androidx.profileinstaller:profileinstaller:1.3.0] AndroidManifest.xml:34:9-52:20
142            android:name="androidx.profileinstaller.ProfileInstallReceiver"
142-->[androidx.profileinstaller:profileinstaller:1.3.0] AndroidManifest.xml:35:13-76
143            android:directBootAware="false"
143-->[androidx.profileinstaller:profileinstaller:1.3.0] AndroidManifest.xml:36:13-44
144            android:enabled="true"
144-->[androidx.profileinstaller:profileinstaller:1.3.0] AndroidManifest.xml:37:13-35
145            android:exported="true"
145-->[androidx.profileinstaller:profileinstaller:1.3.0] AndroidManifest.xml:38:13-36
146            android:permission="android.permission.DUMP" >
146-->[androidx.profileinstaller:profileinstaller:1.3.0] AndroidManifest.xml:39:13-57
147            <intent-filter>
147-->[androidx.profileinstaller:profileinstaller:1.3.0] AndroidManifest.xml:40:13-42:29
148                <action android:name="androidx.profileinstaller.action.INSTALL_PROFILE" />
148-->[androidx.profileinstaller:profileinstaller:1.3.0] AndroidManifest.xml:41:17-91
148-->[androidx.profileinstaller:profileinstaller:1.3.0] AndroidManifest.xml:41:25-88
149            </intent-filter>
150            <intent-filter>
150-->[androidx.profileinstaller:profileinstaller:1.3.0] AndroidManifest.xml:43:13-45:29
151                <action android:name="androidx.profileinstaller.action.SKIP_FILE" />
151-->[androidx.profileinstaller:profileinstaller:1.3.0] AndroidManifest.xml:44:17-85
151-->[androidx.profileinstaller:profileinstaller:1.3.0] AndroidManifest.xml:44:25-82
152            </intent-filter>
153            <intent-filter>
153-->[androidx.profileinstaller:profileinstaller:1.3.0] AndroidManifest.xml:46:13-48:29
154                <action android:name="androidx.profileinstaller.action.SAVE_PROFILE" />
154-->[androidx.profileinstaller:profileinstaller:1.3.0] AndroidManifest.xml:47:17-88
154-->[androidx.profileinstaller:profileinstaller:1.3.0] AndroidManifest.xml:47:25-85
155            </intent-filter>
156            <intent-filter>
156-->[androidx.profileinstaller:profileinstaller:1.3.0] AndroidManifest.xml:49:13-51:29
157                <action android:name="androidx.profileinstaller.action.BENCHMARK_OPERATION" />
157-->[androidx.profileinstaller:profileinstaller:1.3.0] AndroidManifest.xml:50:17-95
157-->[androidx.profileinstaller:profileinstaller:1.3.0] AndroidManifest.xml:50:25-92
158            </intent-filter>
159        </receiver>
160    </application>
161
162</manifest>